C:\Users\Administrator\Desktop\USC 2015 Spring\csci520__HW2\csci520-assignment2-startercode\IDE-starter\VS2010\mocapPlayer\Release\cl.command.1.tlog
C:\Users\Administrator\Desktop\USC 2015 Spring\csci520__HW2\csci520-assignment2-startercode\IDE-starter\VS2010\mocapPlayer\Release\CL.read.1.tlog
C:\Users\Administrator\Desktop\USC 2015 Spring\csci520__HW2\csci520-assignment2-startercode\IDE-starter\VS2010\mocapPlayer\Release\CL.write.1.tlog
C:\USERS\ADMINISTRATOR\DESKTOP\USC 2015 SPRING\CSCI520__HW2\CSCI520-ASSIGNMENT2-STARTERCODE\IDE-STARTER\VS2010\MOCAPPLAYER\RELEASE\DISPLAYSKELETON.OBJ
C:\USERS\ADMINISTRATOR\DESKTOP\USC 2015 SPRING\CSCI520__HW2\CSCI520-ASSIGNMENT2-STARTERCODE\IDE-STARTER\VS2010\MOCAPPLAYER\RELEASE\INTERFACE.OBJ
C:\Users\Administrator\Desktop\USC 2015 Spring\csci520__HW2\csci520-assignment2-startercode\IDE-starter\VS2010\mocapPlayer\Release\link.command.1.tlog
C:\Users\Administrator\Desktop\USC 2015 Spring\csci520__HW2\csci520-assignment2-startercode\IDE-starter\VS2010\mocapPlayer\Release\link.read.1.tlog
C:\Users\Administrator\Desktop\USC 2015 Spring\csci520__HW2\csci520-assignment2-startercode\IDE-starter\VS2010\mocapPlayer\Release\link.write.1.tlog
C:\USERS\ADMINISTRATOR\DESKTOP\USC 2015 SPRING\CSCI520__HW2\CSCI520-ASSIGNMENT2-STARTERCODE\IDE-STARTER\VS2010\MOCAPPLAYER\RELEASE\MOCAPPLAYER.OBJ
C:\Users\Administrator\Desktop\USC 2015 Spring\csci520__HW2\csci520-assignment2-startercode\IDE-starter\VS2010\mocapPlayer\Release\mocapPlayer.write.1.tlog
C:\USERS\ADMINISTRATOR\DESKTOP\USC 2015 SPRING\CSCI520__HW2\CSCI520-ASSIGNMENT2-STARTERCODE\IDE-STARTER\VS2010\MOCAPPLAYER\RELEASE\MOTION.OBJ
C:\USERS\ADMINISTRATOR\DESKTOP\USC 2015 SPRING\CSCI520__HW2\CSCI520-ASSIGNMENT2-STARTERCODE\IDE-STARTER\VS2010\MOCAPPLAYER\RELEASE\PERFORMANCECOUNTER.OBJ
C:\USERS\ADMINISTRATOR\DESKTOP\USC 2015 SPRING\CSCI520__HW2\CSCI520-ASSIGNMENT2-STARTERCODE\IDE-STARTER\VS2010\MOCAPPLAYER\RELEASE\PIC.OBJ
C:\USERS\ADMINISTRATOR\DESKTOP\USC 2015 SPRING\CSCI520__HW2\CSCI520-ASSIGNMENT2-STARTERCODE\IDE-STARTER\VS2010\MOCAPPLAYER\RELEASE\POSTURE.OBJ
C:\USERS\ADMINISTRATOR\DESKTOP\USC 2015 SPRING\CSCI520__HW2\CSCI520-ASSIGNMENT2-STARTERCODE\IDE-STARTER\VS2010\MOCAPPLAYER\RELEASE\PPM.OBJ
C:\USERS\ADMINISTRATOR\DESKTOP\USC 2015 SPRING\CSCI520__HW2\CSCI520-ASSIGNMENT2-STARTERCODE\IDE-STARTER\VS2010\MOCAPPLAYER\RELEASE\QUATERNION.OBJ
C:\USERS\ADMINISTRATOR\DESKTOP\USC 2015 SPRING\CSCI520__HW2\CSCI520-ASSIGNMENT2-STARTERCODE\IDE-STARTER\VS2010\MOCAPPLAYER\RELEASE\SKELETON.OBJ
C:\USERS\ADMINISTRATOR\DESKTOP\USC 2015 SPRING\CSCI520__HW2\CSCI520-ASSIGNMENT2-STARTERCODE\IDE-STARTER\VS2010\MOCAPPLAYER\RELEASE\TRANSFORM.OBJ
C:\USERS\ADMINISTRATOR\DESKTOP\USC 2015 SPRING\CSCI520__HW2\CSCI520-ASSIGNMENT2-STARTERCODE\IDE-STARTER\VS2010\MOCAPPLAYER\RELEASE\VC100.PDB
C:\USERS\ADMINISTRATOR\DESKTOP\USC 2015 SPRING\CSCI520__HW2\CSCI520-ASSIGNMENT2-STARTERCODE\IDE-STARTER\VS2010\MOCAPPLAYER\RELEASE\VECTOR.OBJ
