Build started 6/3/2015 18:51:56.
Project "C:\Users\Administrator\Desktop\USC 2015 Spring\csci520__HW2\csci520-assignment2-startercode\IDE-starter\VS2010\mocapPlayer\mocapPlayer.vcxproj" on node 2 (build target(s)).
InitializeBuildStatus:
  Touching "Release\mocapPlayer.unsuccessfulbuild".
ClCompile:
  All outputs are up-to-date.
Link:
  C:\Program Files\Microsoft Visual Studio 10.0\VC\bin\link.exe /ERRORREPORT:PROMPT /OUT:"C:\Users\Administrator\Desktop\USC 2015 Spring\csci520__HW2\csci520-assignment2-startercode\IDE-starter\VS2010\Release\mocapPlayer.exe" /INCREMENTAL:NO /NOLOGO glu32.lib opengl32.lib comctl32.lib wsock32.lib fltk.lib fltkgl.lib kernel32.lib user32.lib gdi32.lib winspool.lib comdlg32.lib advapi32.lib shell32.lib ole32.lib oleaut32.lib uuid.lib odbc32.lib odbccp32.lib /MANIFEST /ManifestFile:"Release\mocapPlayer.exe.intermediate.manifest" /MANIFESTUAC:"level='asInvoker' uiAccess='false'" /DEBUG /PDB:"C:\Users\Administrator\Desktop\USC 2015 Spring\csci520__HW2\csci520-assignment2-startercode\IDE-starter\VS2010\Release\mocapPlayer.pdb" /SUBSYSTEM:CONSOLE /OPT:REF /OPT:ICF /LTCG /TLBID:1 /DYNAMICBASE /NXCOMPAT /IMPLIB:"C:\Users\Administrator\Desktop\USC 2015 Spring\csci520__HW2\csci520-assignment2-startercode\IDE-starter\VS2010\Release\mocapPlayer.lib" /MACHINE:X86 Release\displaySkeleton.obj
  Release\interface.obj
  Release\mocapPlayer.obj
  Release\motion.obj
  Release\performanceCounter.obj
  Release\pic.obj
  Release\posture.obj
  Release\ppm.obj
  Release\quaternion.obj
  Release\skeleton.obj
  Release\transform.obj
  Release\vector.obj
LINK : warning LNK4098: defaultlib 'MSVCRTD' conflicts with use of other libs; use /NODEFAULTLIB:library
  Generating code
  Finished generating code
  mocapPlayer.vcxproj -> C:\Users\Administrator\Desktop\USC 2015 Spring\csci520__HW2\csci520-assignment2-startercode\IDE-starter\VS2010\Release\mocapPlayer.exe
Manifest:
  C:\Program Files\Microsoft SDKs\Windows\v7.0A\bin\mt.exe /nologo /verbose /outputresource:"C:\Users\Administrator\Desktop\USC 2015 Spring\csci520__HW2\csci520-assignment2-startercode\IDE-starter\VS2010\Release\mocapPlayer.exe;#1" /manifest Release\mocapPlayer.exe.intermediate.manifest
FinalizeBuildStatus:
  Deleting file "Release\mocapPlayer.unsuccessfulbuild".
  Touching "Release\mocapPlayer.lastbuildstate".
Done Building Project "C:\Users\Administrator\Desktop\USC 2015 Spring\csci520__HW2\csci520-assignment2-startercode\IDE-starter\VS2010\mocapPlayer\mocapPlayer.vcxproj" (build target(s)).

Build succeeded.

Time Elapsed 00:00:02.56
